Arguments: 
  C:\Program Files\nodejs\node.exe C:\Users\User\AppData\Roaming\npm\node_modules\yarn\bin\yarn.js add bootstrap

PATH: 
  C:\Program Files\Common Files\Oracle\Java\javapath;C:\WINDOWS\system32;C:\WINDOWS;C:\WINDOWS\System32\Wbem;C:\WINDOWS\System32\WindowsPowerShell\v1.0\;C:\WINDOWS\System32\OpenSSH\;C:\Program Files\Docker\Docker\resources\bin;C:\Program Files\Git\cmd;C:\Program Files\Microsoft SQL Server\150\Tools\Binn\;C:\Program Files\Microsoft SQL Server\Client SDK\ODBC\170\Tools\Binn\;C:\Program Files\dotnet\;C:\Program Files\nodejs\;C:\Users\User\AppData\Local\Microsoft\WindowsApps;C:\Users\User\AppData\Local\Programs\Microsoft VS Code\bin;C:\Users\User\AppData\Local\GitHubDesktop\bin;C:\Users\User\.dotnet\tools;C:\Users\User\AppData\Roaming\npm

Yarn version: 
  1.22.19

Node version: 
  18.19.0

Platform: 
  win32 x64

Trace: 
  Error: EPERM: operation not permitted, unlink 'C:\Users\User\Desktop\deneme\myproject\node_modules\@esbuild\win32-x64\esbuild.exe'

npm manifest: 
  {
    "name": "myproject",
    "version": "0.0.0",
    "scripts": {
      "ng": "ng",
      "start": "ng serve",
      "build": "ng build",
      "watch": "ng build --watch --configuration development",
      "test": "ng test",
      "serve:ssr:myproject": "node dist/myproject/server/server.mjs"
    },
    "private": true,
    "dependencies": {
      "@angular/animations": "^17.1.0",
      "@angular/common": "^17.1.0",
      "@angular/compiler": "^17.1.0",
      "@angular/core": "^17.1.0",
      "@angular/forms": "^17.1.0",
      "@angular/platform-browser": "^17.1.0",
      "@angular/platform-browser-dynamic": "^17.1.0",
      "@angular/platform-server": "^17.1.0",
      "@angular/router": "^17.1.0",
      "@angular/ssr": "^17.1.1",
      "express": "^4.18.2",
      "rxjs": "~7.8.0",
      "tslib": "^2.3.0",
      "zone.js": "~0.14.3"
    },
    "devDependencies": {
      "@angular-devkit/build-angular": "^17.1.1",
      "@angular/cli": "^17.1.1",
      "@angular/compiler-cli": "^17.1.0",
      "@types/express": "^4.17.17",
      "@types/jasmine": "~5.1.0",
      "@types/node": "^18.18.0",
      "jasmine-core": "~5.1.0",
      "karma": "~6.4.0",
      "karma-chrome-launcher": "~3.2.0",
      "karma-coverage": "~2.2.0",
      "karma-jasmine": "~5.1.0",
      "karma-jasmine-html-reporter": "~2.1.0",
      "typescript": "~5.3.2"
    }
  }

yarn manifest: 
  No manifest

Lockfile: 
  No lockfile
